<?xml version="1.0" encoding="UTF-8"?>
<!-- Generated by org.testng.reporters.JUnitXMLReporter -->
<testsuite ignored="0" hostname="LAPTOP-2SFTKBOU" failures="0" tests="6" name="Surefire test" time="0.587" errors="0" timestamp="16 дек. 2021 14:36:00 GMT">
  <testcase classname="io.qameta.allure.examples.testng.AllureFixtureTest" name="allureFixtureTest" time="0.092"/>
  <testcase classname="io.qameta.allure.examples.testng.AllureFixtureTest" name="allureFixtureTest2" time="0.003"/>
  <testcase classname="io.qameta.allure.examples.testng.AllureParameterizedTest" name="allureFakeParameterizedTest" time="0.002"/>
  <testcase classname="io.qameta.allure.examples.testng.AllureParameterizedTest" name="allureParameterizedTest" time="0.008"/>
  <testcase classname="io.qameta.allure.examples.testng.AllureParameterizedTest" name="allureParameterizedTest" time="0.008"/>
  <testcase classname="io.qameta.allure.examples.testng.AllureSimpleTest" name="allureSimpleTest" time="0.039"/>
</testsuite> <!-- Surefire test -->
