<?xml version="1.0" encoding="UTF-8"?>
<testng-results ignored="0" total="6" passed="6" failed="0" skipped="0">
  <reporter-output>
  </reporter-output>
  <suite started-at="2021-12-16T14:35:59Z" name="Surefire suite" finished-at="2021-12-16T14:36:00Z" duration-ms="587">
    <groups>
    </groups>
    <test started-at="2021-12-16T14:35:59Z" name="Surefire test" finished-at="2021-12-16T14:36:00Z" duration-ms="587">
      <class name="io.qameta.allure.examples.testng.AllureSimpleTest">
        <test-method signature="allureSimpleTest()[pri:0, instance:io.qameta.allure.examples.testng.AllureSimpleTest@61942c1]" started-at="2021-12-16T14:36:00Z" name="allureSimpleTest" description="allureSimpleTest displayName" finished-at="2021-12-16T14:36:00Z" duration-ms="39" status="PASS">
          <reporter-output>
          </reporter-output>
        </test-method> <!-- allureSimpleTest -->
      </class> <!-- io.qameta.allure.examples.testng.AllureSimpleTest -->
      <class name="io.qameta.allure.examples.testng.AllureFixtureTest">
        <test-method is-config="true" signature="beforeSuite()[pri:0, instance:io.qameta.allure.examples.testng.AllureFixtureTest@63998bf4]" started-at="2021-12-16T14:35:59Z" name="beforeSuite" finished-at="2021-12-16T14:35:59Z" duration-ms="50" status="PASS">
          <reporter-output>
          </reporter-output>
        </test-method> <!-- beforeSuite -->
        <test-method is-config="true" signature="beforeTest()[pri:0, instance:io.qameta.allure.examples.testng.AllureFixtureTest@63998bf4]" started-at="2021-12-16T14:35:59Z" name="beforeTest" finished-at="2021-12-16T14:35:59Z" duration-ms="0" status="PASS">
          <reporter-output>
          </reporter-output>
        </test-method> <!-- beforeTest -->
        <test-method is-config="true" signature="beforeClass()[pri:0, instance:io.qameta.allure.examples.testng.AllureFixtureTest@63998bf4]" started-at="2021-12-16T14:35:59Z" name="beforeClass" finished-at="2021-12-16T14:35:59Z" duration-ms="1" status="PASS">
          <reporter-output>
          </reporter-output>
        </test-method> <!-- beforeClass -->
        <test-method is-config="true" signature="beforeMethod()[pri:0, instance:io.qameta.allure.examples.testng.AllureFixtureTest@63998bf4]" started-at="2021-12-16T14:35:59Z" name="beforeMethod" finished-at="2021-12-16T14:35:59Z" duration-ms="0" status="PASS">
          <reporter-output>
          </reporter-output>
        </test-method> <!-- beforeMethod -->
        <test-method signature="allureFixtureTest()[pri:0, instance:io.qameta.allure.examples.testng.AllureFixtureTest@63998bf4]" started-at="2021-12-16T14:35:59Z" name="allureFixtureTest" finished-at="2021-12-16T14:35:59Z" duration-ms="92" status="PASS">
          <reporter-output>
          </reporter-output>
        </test-method> <!-- allureFixtureTest -->
        <test-method is-config="true" signature="afterMethod()[pri:0, instance:io.qameta.allure.examples.testng.AllureFixtureTest@63998bf4]" started-at="2021-12-16T14:35:59Z" name="afterMethod" finished-at="2021-12-16T14:35:59Z" duration-ms="0" status="PASS">
          <reporter-output>
          </reporter-output>
        </test-method> <!-- afterMethod -->
        <test-method is-config="true" signature="beforeMethod()[pri:0, instance:io.qameta.allure.examples.testng.AllureFixtureTest@63998bf4]" started-at="2021-12-16T14:35:59Z" name="beforeMethod" finished-at="2021-12-16T14:35:59Z" duration-ms="0" status="PASS">
          <reporter-output>
          </reporter-output>
        </test-method> <!-- beforeMethod -->
        <test-method signature="allureFixtureTest2()[pri:0, instance:io.qameta.allure.examples.testng.AllureFixtureTest@63998bf4]" started-at="2021-12-16T14:35:59Z" name="allureFixtureTest2" finished-at="2021-12-16T14:35:59Z" duration-ms="3" status="PASS">
          <reporter-output>
          </reporter-output>
        </test-method> <!-- allureFixtureTest2 -->
        <test-method is-config="true" signature="afterMethod()[pri:0, instance:io.qameta.allure.examples.testng.AllureFixtureTest@63998bf4]" started-at="2021-12-16T14:35:59Z" name="afterMethod" finished-at="2021-12-16T14:35:59Z" duration-ms="0" status="PASS">
          <reporter-output>
          </reporter-output>
        </test-method> <!-- afterMethod -->
        <test-method is-config="true" signature="afterClass()[pri:0, instance:io.qameta.allure.examples.testng.AllureFixtureTest@63998bf4]" started-at="2021-12-16T14:35:59Z" name="afterClass" finished-at="2021-12-16T14:35:59Z" duration-ms="6" status="PASS">
          <reporter-output>
          </reporter-output>
        </test-method> <!-- afterClass -->
        <test-method is-config="true" signature="afterTest()[pri:0, instance:io.qameta.allure.examples.testng.AllureFixtureTest@63998bf4]" started-at="2021-12-16T14:36:00Z" name="afterTest" finished-at="2021-12-16T14:36:00Z" duration-ms="0" status="PASS">
          <reporter-output>
          </reporter-output>
        </test-method> <!-- afterTest -->
        <test-method is-config="true" signature="afterSuite()[pri:0, instance:io.qameta.allure.examples.testng.AllureFixtureTest@63998bf4]" started-at="2021-12-16T14:36:00Z" name="afterSuite" finished-at="2021-12-16T14:36:00Z" duration-ms="0" status="PASS">
          <reporter-output>
          </reporter-output>
        </test-method> <!-- afterSuite -->
      </class> <!-- io.qameta.allure.examples.testng.AllureFixtureTest -->
      <class name="io.qameta.allure.examples.testng.AllureParameterizedTest">
        <test-method signature="allureFakeParameterizedTest()[pri:0, instance:io.qameta.allure.examples.testng.AllureParameterizedTest@7e0b9178]" started-at="2021-12-16T14:35:59Z" name="allureFakeParameterizedTest" finished-at="2021-12-16T14:35:59Z" duration-ms="2" status="PASS">
          <reporter-output>
          </reporter-output>
        </test-method> <!-- allureFakeParameterizedTest -->
        <test-method signature="allureParameterizedTest(java.lang.String)[pri:0, instance:io.qameta.allure.examples.testng.AllureParameterizedTest@7e0b9178]" started-at="2021-12-16T14:35:59Z" name="allureParameterizedTest" description="allureParameterizedTest displayName" data-provider="data-provider" finished-at="2021-12-16T14:35:59Z" duration-ms="8" status="PASS">
          <params>
            <param index="0">
              <value>
                <![CDATA[First Name]]>
              </value>
            </param>
          </params>
          <reporter-output>
          </reporter-output>
        </test-method> <!-- allureParameterizedTest -->
        <test-method signature="allureParameterizedTest(java.lang.String)[pri:0, instance:io.qameta.allure.examples.testng.AllureParameterizedTest@7e0b9178]" started-at="2021-12-16T14:36:00Z" name="allureParameterizedTest" description="allureParameterizedTest displayName" data-provider="data-provider" finished-at="2021-12-16T14:36:00Z" duration-ms="8" status="PASS">
          <params>
            <param index="0">
              <value>
                <![CDATA[Second Name]]>
              </value>
            </param>
          </params>
          <reporter-output>
          </reporter-output>
        </test-method> <!-- allureParameterizedTest -->
      </class> <!-- io.qameta.allure.examples.testng.AllureParameterizedTest -->
    </test> <!-- Surefire test -->
  </suite> <!-- Surefire suite -->
</testng-results>
