<?xml version="1.0" encoding="UTF-8"?>
<testsuite xmlns:xsi="http://www.w3.org/2001/XMLSchema-instance" xsi:noNamespaceSchemaLocation="https://maven.apache.org/surefire/maven-surefire-plugin/xsd/surefire-test-report.xsd" name="TestSuite" time="2.59" tests="6" errors="0" skipped="0" failures="0">
  <properties>
[...]
</properties>
  <testcase name="allureFixtureTest" classname="io.qameta.allure.examples.testng.AllureFixtureTest" time="0.088"/>
  <testcase name="allureFixtureTest2" classname="io.qameta.allure.examples.testng.AllureFixtureTest" time="0.002"/>
  <testcase name="allureFakeParameterizedTest" classname="io.qameta.allure.examples.testng.AllureParameterizedTest" time="0.002"/>
  <testcase name="allureParameterizedTest" classname="io.qameta.allure.examples.testng.AllureParameterizedTest" time="0.004"/>
  <testcase name="allureParameterizedTest" classname="io.qameta.allure.examples.testng.AllureParameterizedTest" time="0.008"/>
  <testcase name="allureSimpleTest" classname="io.qameta.allure.examples.testng.AllureSimpleTest" time="0.041"/>
</testsuite>